<?xml version="1.0" encoding="UTF-8"?>
<testsuite name="TestOrigins" tests="2" skipped="0" failures="0" errors="0" timestamp="2022-12-31T02:38:21" hostname="DESKTOP-99DQUJL" time="0.015">
  <properties/>
  <testcase name="testRightHand0()" classname="TestOrigins" time="0.014"/>
  <testcase name="testRightHand45()" classname="TestOrigins" time="0.001"/>
  <system-out><![CDATA[Vector: 0.37521175389765127,-1.2998400443088995,0.52
EulerAngle: (1.3962634015954636, 0.0, 0.0)
Vector: -0.37521175389765127,-1.3021599556911005,-0.52
EulerAngle: (-1.7453292519943295, 0.0, 0.0)
]]></system-out>
  <system-err><![CDATA[]]></system-err>
</testsuite>
